<?xml version="1.0" encoding="UTF-8"?>
<coverage generated="1653948297942" clover="3.2.0">
  <project timestamp="1653948297942" name="All files">
    <metrics statements="8" coveredstatements="8" conditionals="2" coveredconditionals="2" methods="4" coveredmethods="4" elements="14" coveredelements="14" complexity="0" loc="8" ncloc="8" packages="1" files="1" classes="1"/>
    <file name="removeFromArray.js" path="/home/oscar/Documents/repos/javascript-exercises/04_removeFromArray/removeFromArray.js">
      <metrics statements="8" coveredstatements="8" conditionals="2" coveredconditionals="2" methods="4" coveredmethods="4"/>
      <line num="1" count="1" type="stmt"/>
      <line num="4" count="16" type="stmt"/>
      <line num="5" count="27" type="stmt"/>
      <line num="8" count="4" type="stmt"/>
      <line num="9" count="16" type="cond" truecount="2" falsecount="0"/>
      <line num="10" count="12" type="stmt"/>
      <line num="12" count="16" type="stmt"/>
      <line num="17" count="1" type="stmt"/>
    </file>
  </project>
</coverage>
